-------------------------------------------------------------------------------
Test set: com.mycompany.app.FizzBuzzTests
-------------------------------------------------------------------------------
Tests run: 4, Failures: 1, Errors: 0, Skipped: 0, Time elapsed: 0.03 s <<< FAILURE! - in com.mycompany.app.FizzBuzzTests
ValuesExchanger_getExchanges  Time elapsed: 0.013 s  <<< FAILURE!
java.lang.AssertionError: array lengths differed, expected.length=11 actual.length=12
	at com.mycompany.app.FizzBuzzTests.ValuesExchanger_getExchanges(PrinterTests.java:60)

